{"level":"error","message":"Error initializing MySQL: AggregateError","timestamp":"2024-11-29T00:13:15.721Z"}
{"level":"error","message":"MySQL database failed to initialize","reason":{"details":{},"errorCode":"DB_INIT_ERROR","message":"Failed to initialize MySQL","name":"CustomError","statusCode":500},"timestamp":"2024-11-29T00:13:15.723Z"}
{"level":"info","message":"MySQL closed","timestamp":"2024-11-29T00:13:17.968Z"}
{"level":"info","message":"MySQL initialized","timestamp":"2024-11-29T00:13:24.728Z"}
{"level":"info","message":"MySQL database initializeed successfully","timestamp":"2024-11-29T00:13:24.730Z"}
{"level":"info","message":"MySQL closed","timestamp":"2024-11-29T00:17:31.627Z"}
{"level":"info","message":"MySQL initialized","timestamp":"2024-11-29T00:17:33.172Z"}
{"level":"info","message":"MySQL database initializeed successfully","timestamp":"2024-11-29T00:17:33.174Z"}
{"level":"info","message":"::1 - - [29/Nov/2024:00:22:06 +0000] \"OPTIONS /api/auth/login HTTP/1.1\" 200 0 \"http://localhost:8100/\" \"Mozilla/5.0 (Macintosh; Intel Mac OS X 10_15_7) AppleWebKit/605.1.15 (KHTML, like Gecko) Version/18.1.1 Safari/605.1.15\"","timestamp":"2024-11-29T00:22:06.788Z"}
{"level":"info","message":"::1 - - [29/Nov/2024:00:22:06 +0000] \"POST /api/auth/login HTTP/1.1\" 200 225 \"http://localhost:8100/\" \"Mozilla/5.0 (Macintosh; Intel Mac OS X 10_15_7) AppleWebKit/605.1.15 (KHTML, like Gecko) Version/18.1.1 Safari/605.1.15\"","timestamp":"2024-11-29T00:22:06.961Z"}
{"level":"info","message":"::1 - - [29/Nov/2024:00:22:28 +0000] \"OPTIONS /api/auth/register HTTP/1.1\" 200 0 \"http://localhost:8100/\" \"Mozilla/5.0 (Macintosh; Intel Mac OS X 10_15_7) AppleWebKit/605.1.15 (KHTML, like Gecko) Version/18.1.1 Safari/605.1.15\"","timestamp":"2024-11-29T00:22:28.919Z"}
{"level":"info","message":"::1 - - [29/Nov/2024:00:22:29 +0000] \"POST /api/auth/register HTTP/1.1\" 201 61 \"http://localhost:8100/\" \"Mozilla/5.0 (Macintosh; Intel Mac OS X 10_15_7) AppleWebKit/605.1.15 (KHTML, like Gecko) Version/18.1.1 Safari/605.1.15\"","timestamp":"2024-11-29T00:22:29.040Z"}
{"level":"info","message":"::1 - - [29/Nov/2024:00:24:19 +0000] \"OPTIONS /api/auth/login HTTP/1.1\" 200 0 \"http://localhost:8100/\" \"Mozilla/5.0 (Macintosh; Intel Mac OS X 10_15_7) AppleWebKit/605.1.15 (KHTML, like Gecko) Version/18.1.1 Safari/605.1.15\"","timestamp":"2024-11-29T00:24:19.536Z"}
{"level":"info","message":"::1 - - [29/Nov/2024:00:24:19 +0000] \"POST /api/auth/login HTTP/1.1\" 404 46 \"http://localhost:8100/\" \"Mozilla/5.0 (Macintosh; Intel Mac OS X 10_15_7) AppleWebKit/605.1.15 (KHTML, like Gecko) Version/18.1.1 Safari/605.1.15\"","timestamp":"2024-11-29T00:24:19.553Z"}
{"level":"info","message":"::1 - - [29/Nov/2024:00:24:21 +0000] \"POST /api/auth/login HTTP/1.1\" 404 46 \"http://localhost:8100/\" \"Mozilla/5.0 (Macintosh; Intel Mac OS X 10_15_7) AppleWebKit/605.1.15 (KHTML, like Gecko) Version/18.1.1 Safari/605.1.15\"","timestamp":"2024-11-29T00:24:21.814Z"}
{"level":"info","message":"::1 - - [29/Nov/2024:00:24:26 +0000] \"OPTIONS /api/auth/login HTTP/1.1\" 200 0 \"http://localhost:8100/\" \"Mozilla/5.0 (Macintosh; Intel Mac OS X 10_15_7) AppleWebKit/605.1.15 (KHTML, like Gecko) Version/18.1.1 Safari/605.1.15\"","timestamp":"2024-11-29T00:24:26.145Z"}
{"level":"info","message":"::1 - - [29/Nov/2024:00:24:26 +0000] \"POST /api/auth/login HTTP/1.1\" 404 46 \"http://localhost:8100/\" \"Mozilla/5.0 (Macintosh; Intel Mac OS X 10_15_7) AppleWebKit/605.1.15 (KHTML, like Gecko) Version/18.1.1 Safari/605.1.15\"","timestamp":"2024-11-29T00:24:26.154Z"}
{"level":"info","message":"::1 - - [29/Nov/2024:00:24:33 +0000] \"OPTIONS /api/auth/login HTTP/1.1\" 200 0 \"http://localhost:8100/\" \"Mozilla/5.0 (Macintosh; Intel Mac OS X 10_15_7) AppleWebKit/605.1.15 (KHTML, like Gecko) Version/18.1.1 Safari/605.1.15\"","timestamp":"2024-11-29T00:24:33.589Z"}
{"level":"info","message":"::1 - - [29/Nov/2024:00:24:33 +0000] \"POST /api/auth/login HTTP/1.1\" 200 225 \"http://localhost:8100/\" \"Mozilla/5.0 (Macintosh; Intel Mac OS X 10_15_7) AppleWebKit/605.1.15 (KHTML, like Gecko) Version/18.1.1 Safari/605.1.15\"","timestamp":"2024-11-29T00:24:33.707Z"}
{"level":"info","message":"::1 - - [29/Nov/2024:00:25:40 +0000] \"OPTIONS /api/auth/login HTTP/1.1\" 200 0 \"http://localhost:8100/\" \"Mozilla/5.0 (Macintosh; Intel Mac OS X 10_15_7) AppleWebKit/605.1.15 (KHTML, like Gecko) Version/18.1.1 Safari/605.1.15\"","timestamp":"2024-11-29T00:25:40.137Z"}
{"level":"info","message":"::1 - - [29/Nov/2024:00:25:40 +0000] \"POST /api/auth/login HTTP/1.1\" 200 225 \"http://localhost:8100/\" \"Mozilla/5.0 (Macintosh; Intel Mac OS X 10_15_7) AppleWebKit/605.1.15 (KHTML, like Gecko) Version/18.1.1 Safari/605.1.15\"","timestamp":"2024-11-29T00:25:40.246Z"}
{"level":"info","message":"::1 - - [29/Nov/2024:00:28:07 +0000] \"OPTIONS /api/auth/login HTTP/1.1\" 200 0 \"http://localhost:8100/\" \"Mozilla/5.0 (Macintosh; Intel Mac OS X 10_15_7) AppleWebKit/605.1.15 (KHTML, like Gecko) Version/18.1.1 Safari/605.1.15\"","timestamp":"2024-11-29T00:28:07.210Z"}
{"level":"info","message":"::1 - - [29/Nov/2024:00:28:07 +0000] \"OPTIONS /api/auth/login HTTP/1.1\" 200 0 \"http://localhost:8100/\" \"Mozilla/5.0 (Macintosh; Intel Mac OS X 10_15_7) AppleWebKit/605.1.15 (KHTML, like Gecko) Version/18.1.1 Safari/605.1.15\"","timestamp":"2024-11-29T00:28:07.212Z"}
{"level":"info","message":"::1 - - [29/Nov/2024:00:28:07 +0000] \"POST /api/auth/login HTTP/1.1\" 200 225 \"http://localhost:8100/\" \"Mozilla/5.0 (Macintosh; Intel Mac OS X 10_15_7) AppleWebKit/605.1.15 (KHTML, like Gecko) Version/18.1.1 Safari/605.1.15\"","timestamp":"2024-11-29T00:28:07.340Z"}
{"level":"info","message":"::1 - - [29/Nov/2024:00:28:07 +0000] \"POST /api/auth/login HTTP/1.1\" 200 225 \"http://localhost:8100/\" \"Mozilla/5.0 (Macintosh; Intel Mac OS X 10_15_7) AppleWebKit/605.1.15 (KHTML, like Gecko) Version/18.1.1 Safari/605.1.15\"","timestamp":"2024-11-29T00:28:07.426Z"}
{"level":"info","message":"MySQL initialized","timestamp":"2024-11-29T00:31:31.314Z"}
{"level":"info","message":"MySQL database initializeed successfully","timestamp":"2024-11-29T00:31:31.320Z"}
{"level":"info","message":"::1 - - [29/Nov/2024:00:31:43 +0000] \"OPTIONS /api/auth/login HTTP/1.1\" 200 0 \"http://localhost:8100/\" \"Mozilla/5.0 (Macintosh; Intel Mac OS X 10_15_7) AppleWebKit/605.1.15 (KHTML, like Gecko) Version/18.1.1 Safari/605.1.15\"","timestamp":"2024-11-29T00:31:43.052Z"}
{"level":"info","message":"::1 - - [29/Nov/2024:00:31:43 +0000] \"POST /api/auth/login HTTP/1.1\" 200 225 \"http://localhost:8100/\" \"Mozilla/5.0 (Macintosh; Intel Mac OS X 10_15_7) AppleWebKit/605.1.15 (KHTML, like Gecko) Version/18.1.1 Safari/605.1.15\"","timestamp":"2024-11-29T00:31:43.188Z"}
{"level":"info","message":"::1 - - [29/Nov/2024:00:31:53 +0000] \"OPTIONS /api/auth/login HTTP/1.1\" 200 0 \"http://localhost:8100/\" \"Mozilla/5.0 (Macintosh; Intel Mac OS X 10_15_7) AppleWebKit/605.1.15 (KHTML, like Gecko) Version/18.1.1 Safari/605.1.15\"","timestamp":"2024-11-29T00:31:53.165Z"}
{"level":"info","message":"::1 - - [29/Nov/2024:00:31:53 +0000] \"POST /api/auth/login HTTP/1.1\" 404 46 \"http://localhost:8100/\" \"Mozilla/5.0 (Macintosh; Intel Mac OS X 10_15_7) AppleWebKit/605.1.15 (KHTML, like Gecko) Version/18.1.1 Safari/605.1.15\"","timestamp":"2024-11-29T00:31:53.174Z"}
{"level":"info","message":"::1 - - [29/Nov/2024:00:31:54 +0000] \"POST /api/auth/login HTTP/1.1\" 404 46 \"http://localhost:8100/\" \"Mozilla/5.0 (Macintosh; Intel Mac OS X 10_15_7) AppleWebKit/605.1.15 (KHTML, like Gecko) Version/18.1.1 Safari/605.1.15\"","timestamp":"2024-11-29T00:31:54.714Z"}
{"level":"info","message":"::1 - - [29/Nov/2024:00:32:00 +0000] \"OPTIONS /api/auth/login HTTP/1.1\" 200 0 \"http://localhost:8100/\" \"Mozilla/5.0 (Macintosh; Intel Mac OS X 10_15_7) AppleWebKit/605.1.15 (KHTML, like Gecko) Version/18.1.1 Safari/605.1.15\"","timestamp":"2024-11-29T00:32:00.629Z"}
{"level":"info","message":"::1 - - [29/Nov/2024:00:32:00 +0000] \"POST /api/auth/login HTTP/1.1\" 404 46 \"http://localhost:8100/\" \"Mozilla/5.0 (Macintosh; Intel Mac OS X 10_15_7) AppleWebKit/605.1.15 (KHTML, like Gecko) Version/18.1.1 Safari/605.1.15\"","timestamp":"2024-11-29T00:32:00.634Z"}
{"level":"info","message":"::1 - - [29/Nov/2024:00:32:04 +0000] \"POST /api/auth/login HTTP/1.1\" 200 225 \"http://localhost:8100/\" \"Mozilla/5.0 (Macintosh; Intel Mac OS X 10_15_7) AppleWebKit/605.1.15 (KHTML, like Gecko) Version/18.1.1 Safari/605.1.15\"","timestamp":"2024-11-29T00:32:04.625Z"}
{"level":"info","message":"MySQL initialized","timestamp":"2024-11-29T00:32:50.647Z"}
{"level":"info","message":"MySQL database initializeed successfully","timestamp":"2024-11-29T00:32:50.654Z"}
{"level":"info","message":"MySQL initialized","timestamp":"2024-11-29T00:32:52.867Z"}
{"level":"info","message":"MySQL database initializeed successfully","timestamp":"2024-11-29T00:32:52.869Z"}
{"level":"info","message":"MySQL initialized","timestamp":"2024-11-29T00:32:55.662Z"}
{"level":"info","message":"MySQL database initializeed successfully","timestamp":"2024-11-29T00:32:55.663Z"}
{"level":"info","message":"MySQL initialized","timestamp":"2024-11-29T00:33:02.848Z"}
{"level":"info","message":"MySQL database initializeed successfully","timestamp":"2024-11-29T00:33:02.850Z"}
{"level":"info","message":"MySQL initialized","timestamp":"2024-11-29T00:33:03.439Z"}
{"level":"info","message":"MySQL database initializeed successfully","timestamp":"2024-11-29T00:33:03.440Z"}
{"level":"info","message":"MySQL initialized","timestamp":"2024-11-29T00:33:04.946Z"}
{"level":"info","message":"MySQL database initializeed successfully","timestamp":"2024-11-29T00:33:04.948Z"}
{"level":"info","message":"MySQL initialized","timestamp":"2024-11-29T00:33:06.089Z"}
{"level":"info","message":"MySQL database initializeed successfully","timestamp":"2024-11-29T00:33:06.091Z"}
{"level":"info","message":"MySQL initialized","timestamp":"2024-11-29T00:33:38.570Z"}
{"level":"info","message":"MySQL database initializeed successfully","timestamp":"2024-11-29T00:33:38.574Z"}
{"level":"info","message":"MySQL initialized","timestamp":"2024-11-29T00:33:42.588Z"}
{"level":"info","message":"MySQL database initializeed successfully","timestamp":"2024-11-29T00:33:42.589Z"}
{"level":"info","message":"MySQL initialized","timestamp":"2024-11-29T00:34:31.016Z"}
{"level":"info","message":"MySQL database initializeed successfully","timestamp":"2024-11-29T00:34:31.019Z"}
{"level":"info","message":"MySQL initialized","timestamp":"2024-11-29T00:36:02.520Z"}
{"level":"info","message":"MySQL database initializeed successfully","timestamp":"2024-11-29T00:36:02.523Z"}
{"level":"info","message":"MySQL initialized","timestamp":"2024-11-29T00:40:52.794Z"}
{"level":"info","message":"MySQL database initializeed successfully","timestamp":"2024-11-29T00:40:52.796Z"}
{"level":"info","message":"MySQL initialized","timestamp":"2024-11-29T00:41:11.015Z"}
{"level":"info","message":"MySQL database initializeed successfully","timestamp":"2024-11-29T00:41:11.017Z"}
{"level":"info","message":"MySQL initialized","timestamp":"2024-11-29T00:41:13.199Z"}
{"level":"info","message":"MySQL database initializeed successfully","timestamp":"2024-11-29T00:41:13.203Z"}
{"level":"info","message":"::1 - - [29/Nov/2024:00:41:19 +0000] \"OPTIONS /api/auth/login HTTP/1.1\" 200 0 \"http://localhost:8100/\" \"Mozilla/5.0 (Macintosh; Intel Mac OS X 10_15_7) AppleWebKit/605.1.15 (KHTML, like Gecko) Version/18.1.1 Safari/605.1.15\"","timestamp":"2024-11-29T00:41:19.157Z"}
{"level":"info","message":"::1 - - [29/Nov/2024:00:41:19 +0000] \"POST /api/auth/login HTTP/1.1\" 200 225 \"http://localhost:8100/\" \"Mozilla/5.0 (Macintosh; Intel Mac OS X 10_15_7) AppleWebKit/605.1.15 (KHTML, like Gecko) Version/18.1.1 Safari/605.1.15\"","timestamp":"2024-11-29T00:41:19.289Z"}
{"level":"info","message":"::1 - - [29/Nov/2024:00:42:01 +0000] \"OPTIONS /api/auth/login HTTP/1.1\" 200 0 \"http://localhost:8100/\" \"Mozilla/5.0 (Macintosh; Intel Mac OS X 10_15_7) AppleWebKit/605.1.15 (KHTML, like Gecko) Version/18.1.1 Safari/605.1.15\"","timestamp":"2024-11-29T00:42:01.097Z"}
{"level":"info","message":"::1 - - [29/Nov/2024:00:42:01 +0000] \"POST /api/auth/login HTTP/1.1\" 200 225 \"http://localhost:8100/\" \"Mozilla/5.0 (Macintosh; Intel Mac OS X 10_15_7) AppleWebKit/605.1.15 (KHTML, like Gecko) Version/18.1.1 Safari/605.1.15\"","timestamp":"2024-11-29T00:42:01.210Z"}
{"level":"info","message":"::1 - - [29/Nov/2024:00:42:11 +0000] \"OPTIONS /api/auth/login HTTP/1.1\" 200 0 \"http://localhost:8100/\" \"Mozilla/5.0 (Macintosh; Intel Mac OS X 10_15_7) AppleWebKit/605.1.15 (KHTML, like Gecko) Version/18.1.1 Safari/605.1.15\"","timestamp":"2024-11-29T00:42:11.140Z"}
{"level":"info","message":"::1 - - [29/Nov/2024:00:42:11 +0000] \"POST /api/auth/login HTTP/1.1\" 404 46 \"http://localhost:8100/\" \"Mozilla/5.0 (Macintosh; Intel Mac OS X 10_15_7) AppleWebKit/605.1.15 (KHTML, like Gecko) Version/18.1.1 Safari/605.1.15\"","timestamp":"2024-11-29T00:42:11.150Z"}
{"level":"info","message":"::1 - - [29/Nov/2024:00:42:11 +0000] \"POST /api/auth/login HTTP/1.1\" 404 46 \"http://localhost:8100/\" \"Mozilla/5.0 (Macintosh; Intel Mac OS X 10_15_7) AppleWebKit/605.1.15 (KHTML, like Gecko) Version/18.1.1 Safari/605.1.15\"","timestamp":"2024-11-29T00:42:11.744Z"}
{"level":"info","message":"::1 - - [29/Nov/2024:00:42:11 +0000] \"POST /api/auth/login HTTP/1.1\" 404 46 \"http://localhost:8100/\" \"Mozilla/5.0 (Macintosh; Intel Mac OS X 10_15_7) AppleWebKit/605.1.15 (KHTML, like Gecko) Version/18.1.1 Safari/605.1.15\"","timestamp":"2024-11-29T00:42:11.877Z"}
{"level":"info","message":"::1 - - [29/Nov/2024:00:42:11 +0000] \"POST /api/auth/login HTTP/1.1\" 404 46 \"http://localhost:8100/\" \"Mozilla/5.0 (Macintosh; Intel Mac OS X 10_15_7) AppleWebKit/605.1.15 (KHTML, like Gecko) Version/18.1.1 Safari/605.1.15\"","timestamp":"2024-11-29T00:42:11.993Z"}
{"level":"info","message":"::1 - - [29/Nov/2024:00:42:12 +0000] \"POST /api/auth/login HTTP/1.1\" 404 46 \"http://localhost:8100/\" \"Mozilla/5.0 (Macintosh; Intel Mac OS X 10_15_7) AppleWebKit/605.1.15 (KHTML, like Gecko) Version/18.1.1 Safari/605.1.15\"","timestamp":"2024-11-29T00:42:12.123Z"}
{"level":"info","message":"::1 - - [29/Nov/2024:00:42:12 +0000] \"POST /api/auth/login HTTP/1.1\" 404 46 \"http://localhost:8100/\" \"Mozilla/5.0 (Macintosh; Intel Mac OS X 10_15_7) AppleWebKit/605.1.15 (KHTML, like Gecko) Version/18.1.1 Safari/605.1.15\"","timestamp":"2024-11-29T00:42:12.252Z"}
{"level":"info","message":"::1 - - [29/Nov/2024:00:42:12 +0000] \"POST /api/auth/login HTTP/1.1\" 404 46 \"http://localhost:8100/\" \"Mozilla/5.0 (Macintosh; Intel Mac OS X 10_15_7) AppleWebKit/605.1.15 (KHTML, like Gecko) Version/18.1.1 Safari/605.1.15\"","timestamp":"2024-11-29T00:42:12.370Z"}
{"level":"info","message":"::1 - - [29/Nov/2024:00:42:12 +0000] \"POST /api/auth/login HTTP/1.1\" 404 46 \"http://localhost:8100/\" \"Mozilla/5.0 (Macintosh; Intel Mac OS X 10_15_7) AppleWebKit/605.1.15 (KHTML, like Gecko) Version/18.1.1 Safari/605.1.15\"","timestamp":"2024-11-29T00:42:12.505Z"}
{"level":"info","message":"::1 - - [29/Nov/2024:00:43:11 +0000] \"OPTIONS /api/auth/login HTTP/1.1\" 200 0 \"http://localhost:8100/\" \"Mozilla/5.0 (Macintosh; Intel Mac OS X 10_15_7) AppleWebKit/605.1.15 (KHTML, like Gecko) Version/18.1.1 Safari/605.1.15\"","timestamp":"2024-11-29T00:43:11.043Z"}
{"level":"info","message":"::1 - - [29/Nov/2024:00:43:11 +0000] \"POST /api/auth/login HTTP/1.1\" 404 46 \"http://localhost:8100/\" \"Mozilla/5.0 (Macintosh; Intel Mac OS X 10_15_7) AppleWebKit/605.1.15 (KHTML, like Gecko) Version/18.1.1 Safari/605.1.15\"","timestamp":"2024-11-29T00:43:11.105Z"}
{"level":"info","message":"::1 - - [29/Nov/2024:00:43:15 +0000] \"POST /api/auth/login HTTP/1.1\" 200 225 \"http://localhost:8100/\" \"Mozilla/5.0 (Macintosh; Intel Mac OS X 10_15_7) AppleWebKit/605.1.15 (KHTML, like Gecko) Version/18.1.1 Safari/605.1.15\"","timestamp":"2024-11-29T00:43:15.591Z"}
{"level":"info","message":"::1 - - [29/Nov/2024:00:50:29 +0000] \"OPTIONS /api/auth/register HTTP/1.1\" 200 0 \"http://localhost:8100/\" \"Mozilla/5.0 (Macintosh; Intel Mac OS X 10_15_7) AppleWebKit/605.1.15 (KHTML, like Gecko) Version/18.1.1 Safari/605.1.15\"","timestamp":"2024-11-29T00:50:29.881Z"}
{"level":"info","message":"::1 - - [29/Nov/2024:00:50:30 +0000] \"POST /api/auth/register HTTP/1.1\" 201 61 \"http://localhost:8100/\" \"Mozilla/5.0 (Macintosh; Intel Mac OS X 10_15_7) AppleWebKit/605.1.15 (KHTML, like Gecko) Version/18.1.1 Safari/605.1.15\"","timestamp":"2024-11-29T00:50:30.054Z"}
{"level":"info","message":"MySQL initialized","timestamp":"2024-11-29T00:50:54.329Z"}
{"level":"info","message":"MySQL database initializeed successfully","timestamp":"2024-11-29T00:50:54.336Z"}
{"level":"info","message":"MySQL initialized","timestamp":"2024-11-29T00:55:10.573Z"}
{"level":"info","message":"MySQL database initializeed successfully","timestamp":"2024-11-29T00:55:10.575Z"}
{"level":"info","message":"::1 - - [29/Nov/2024:00:56:24 +0000] \"OPTIONS /api/auth/login HTTP/1.1\" 200 0 \"http://localhost:8100/\" \"Mozilla/5.0 (Macintosh; Intel Mac OS X 10_15_7) AppleWebKit/605.1.15 (KHTML, like Gecko) Version/18.1.1 Safari/605.1.15\"","timestamp":"2024-11-29T00:56:24.688Z"}
{"level":"info","message":"::1 - - [29/Nov/2024:00:56:24 +0000] \"POST /api/auth/login HTTP/1.1\" 200 225 \"http://localhost:8100/\" \"Mozilla/5.0 (Macintosh; Intel Mac OS X 10_15_7) AppleWebKit/605.1.15 (KHTML, like Gecko) Version/18.1.1 Safari/605.1.15\"","timestamp":"2024-11-29T00:56:24.813Z"}
{"level":"info","message":"MySQL initialized","timestamp":"2024-11-29T00:57:17.300Z"}
{"level":"info","message":"MySQL database initializeed successfully","timestamp":"2024-11-29T00:57:17.302Z"}
{"level":"info","message":"MySQL initialized","timestamp":"2024-11-29T00:57:19.231Z"}
{"level":"info","message":"MySQL database initializeed successfully","timestamp":"2024-11-29T00:57:19.233Z"}
{"level":"info","message":"MySQL initialized","timestamp":"2024-11-29T01:00:36.058Z"}
{"level":"info","message":"MySQL database initializeed successfully","timestamp":"2024-11-29T01:00:36.063Z"}
{"level":"info","message":"MySQL initialized","timestamp":"2024-11-29T01:06:21.518Z"}
{"level":"info","message":"MySQL database initializeed successfully","timestamp":"2024-11-29T01:06:21.522Z"}
{"level":"info","message":"MySQL initialized","timestamp":"2024-11-29T01:06:55.757Z"}
{"level":"info","message":"MySQL database initializeed successfully","timestamp":"2024-11-29T01:06:55.759Z"}
{"level":"info","message":"::1 - - [29/Nov/2024:01:06:59 +0000] \"OPTIONS /api/auth/login HTTP/1.1\" 200 0 \"http://localhost:8100/\" \"Mozilla/5.0 (Macintosh; Intel Mac OS X 10_15_7) AppleWebKit/605.1.15 (KHTML, like Gecko) Version/18.1.1 Safari/605.1.15\"","timestamp":"2024-11-29T01:06:59.145Z"}
{"level":"info","message":"::1 - - [29/Nov/2024:01:06:59 +0000] \"POST /api/auth/login HTTP/1.1\" 200 225 \"http://localhost:8100/\" \"Mozilla/5.0 (Macintosh; Intel Mac OS X 10_15_7) AppleWebKit/605.1.15 (KHTML, like Gecko) Version/18.1.1 Safari/605.1.15\"","timestamp":"2024-11-29T01:06:59.263Z"}
{"level":"info","message":"MySQL initialized","timestamp":"2024-11-29T01:09:48.082Z"}
{"level":"info","message":"MySQL database initializeed successfully","timestamp":"2024-11-29T01:09:48.085Z"}
{"level":"info","message":"MySQL initialized","timestamp":"2024-11-29T01:09:50.101Z"}
{"level":"info","message":"MySQL database initializeed successfully","timestamp":"2024-11-29T01:09:50.103Z"}
{"level":"info","message":"MySQL initialized","timestamp":"2024-11-29T01:09:52.591Z"}
{"level":"info","message":"MySQL database initializeed successfully","timestamp":"2024-11-29T01:09:52.592Z"}
{"level":"info","message":"MySQL initialized","timestamp":"2024-11-29T01:31:20.590Z"}
{"level":"info","message":"MySQL database initializeed successfully","timestamp":"2024-11-29T01:31:20.595Z"}
{"level":"info","message":"MySQL initialized","timestamp":"2024-11-29T01:31:54.812Z"}
{"level":"info","message":"MySQL database initializeed successfully","timestamp":"2024-11-29T01:31:54.815Z"}
{"level":"info","message":"MySQL initialized","timestamp":"2024-11-29T01:32:23.081Z"}
{"level":"info","message":"MySQL database initializeed successfully","timestamp":"2024-11-29T01:32:23.084Z"}
{"level":"info","message":"MySQL initialized","timestamp":"2024-11-29T01:32:25.683Z"}
{"level":"info","message":"MySQL database initializeed successfully","timestamp":"2024-11-29T01:32:25.685Z"}
{"level":"info","message":"MySQL initialized","timestamp":"2024-11-29T01:32:42.742Z"}
{"level":"info","message":"MySQL database initializeed successfully","timestamp":"2024-11-29T01:32:42.744Z"}
{"level":"info","message":"MySQL initialized","timestamp":"2024-11-29T01:33:52.941Z"}
{"level":"info","message":"MySQL database initializeed successfully","timestamp":"2024-11-29T01:33:52.943Z"}
{"level":"info","message":"::1 - - [29/Nov/2024:01:35:38 +0000] \"OPTIONS /api/auth/login HTTP/1.1\" 200 0 \"http://localhost:8100/\" \"Mozilla/5.0 (Macintosh; Intel Mac OS X 10_15_7) AppleWebKit/605.1.15 (KHTML, like Gecko) Version/18.1.1 Safari/605.1.15\"","timestamp":"2024-11-29T01:35:38.507Z"}
{"level":"info","message":"::1 - - [29/Nov/2024:01:35:38 +0000] \"POST /api/auth/login HTTP/1.1\" 200 225 \"http://localhost:8100/\" \"Mozilla/5.0 (Macintosh; Intel Mac OS X 10_15_7) AppleWebKit/605.1.15 (KHTML, like Gecko) Version/18.1.1 Safari/605.1.15\"","timestamp":"2024-11-29T01:35:38.648Z"}
{"level":"info","message":"::1 - - [29/Nov/2024:01:35:53 +0000] \"OPTIONS /api/auth/login HTTP/1.1\" 200 0 \"http://localhost:8100/\" \"Mozilla/5.0 (Macintosh; Intel Mac OS X 10_15_7) AppleWebKit/605.1.15 (KHTML, like Gecko) Version/18.1.1 Safari/605.1.15\"","timestamp":"2024-11-29T01:35:53.729Z"}
{"level":"info","message":"::1 - - [29/Nov/2024:01:35:53 +0000] \"POST /api/auth/login HTTP/1.1\" 200 225 \"http://localhost:8100/\" \"Mozilla/5.0 (Macintosh; Intel Mac OS X 10_15_7) AppleWebKit/605.1.15 (KHTML, like Gecko) Version/18.1.1 Safari/605.1.15\"","timestamp":"2024-11-29T01:35:53.843Z"}
{"level":"info","message":"::1 - - [29/Nov/2024:01:36:24 +0000] \"OPTIONS /api/auth/login HTTP/1.1\" 200 0 \"http://localhost:8100/\" \"Mozilla/5.0 (Macintosh; Intel Mac OS X 10_15_7) AppleWebKit/605.1.15 (KHTML, like Gecko) Version/18.1.1 Safari/605.1.15\"","timestamp":"2024-11-29T01:36:24.612Z"}
{"level":"info","message":"::1 - - [29/Nov/2024:01:36:24 +0000] \"POST /api/auth/login HTTP/1.1\" 200 225 \"http://localhost:8100/\" \"Mozilla/5.0 (Macintosh; Intel Mac OS X 10_15_7) AppleWebKit/605.1.15 (KHTML, like Gecko) Version/18.1.1 Safari/605.1.15\"","timestamp":"2024-11-29T01:36:24.724Z"}
{"level":"info","message":"::1 - - [29/Nov/2024:01:36:29 +0000] \"POST /api/auth/login HTTP/1.1\" 200 225 \"http://localhost:8100/\" \"Mozilla/5.0 (Macintosh; Intel Mac OS X 10_15_7) AppleWebKit/605.1.15 (KHTML, like Gecko) Version/18.1.1 Safari/605.1.15\"","timestamp":"2024-11-29T01:36:29.237Z"}
{"level":"info","message":"::1 - - [29/Nov/2024:01:37:45 +0000] \"OPTIONS /api/auth/login HTTP/1.1\" 200 0 \"http://localhost:8100/\" \"Mozilla/5.0 (Macintosh; Intel Mac OS X 10_15_7) AppleWebKit/605.1.15 (KHTML, like Gecko) Version/18.1.1 Safari/605.1.15\"","timestamp":"2024-11-29T01:37:45.637Z"}
{"level":"info","message":"::1 - - [29/Nov/2024:01:37:45 +0000] \"POST /api/auth/login HTTP/1.1\" 200 225 \"http://localhost:8100/\" \"Mozilla/5.0 (Macintosh; Intel Mac OS X 10_15_7) AppleWebKit/605.1.15 (KHTML, like Gecko) Version/18.1.1 Safari/605.1.15\"","timestamp":"2024-11-29T01:37:45.748Z"}
{"level":"info","message":"::1 - - [29/Nov/2024:01:39:51 +0000] \"OPTIONS /api/auth/login HTTP/1.1\" 200 0 \"http://localhost:8100/\" \"Mozilla/5.0 (Macintosh; Intel Mac OS X 10_15_7) AppleWebKit/605.1.15 (KHTML, like Gecko) Version/18.1.1 Safari/605.1.15\"","timestamp":"2024-11-29T01:39:51.094Z"}
{"level":"info","message":"::1 - - [29/Nov/2024:01:39:51 +0000] \"POST /api/auth/login HTTP/1.1\" 200 225 \"http://localhost:8100/\" \"Mozilla/5.0 (Macintosh; Intel Mac OS X 10_15_7) AppleWebKit/605.1.15 (KHTML, like Gecko) Version/18.1.1 Safari/605.1.15\"","timestamp":"2024-11-29T01:39:51.202Z"}
{"level":"info","message":"::1 - - [29/Nov/2024:01:41:35 +0000] \"OPTIONS /api/auth/login HTTP/1.1\" 200 0 \"http://localhost:8100/\" \"Mozilla/5.0 (Macintosh; Intel Mac OS X 10_15_7) AppleWebKit/605.1.15 (KHTML, like Gecko) Version/18.1.1 Safari/605.1.15\"","timestamp":"2024-11-29T01:41:35.640Z"}
{"level":"info","message":"::1 - - [29/Nov/2024:01:41:35 +0000] \"POST /api/auth/login HTTP/1.1\" 200 225 \"http://localhost:8100/\" \"Mozilla/5.0 (Macintosh; Intel Mac OS X 10_15_7) AppleWebKit/605.1.15 (KHTML, like Gecko) Version/18.1.1 Safari/605.1.15\"","timestamp":"2024-11-29T01:41:35.743Z"}
{"level":"info","message":"::1 - - [29/Nov/2024:01:41:55 +0000] \"OPTIONS /api/auth/login HTTP/1.1\" 200 0 \"http://localhost:8100/\" \"Mozilla/5.0 (Macintosh; Intel Mac OS X 10_15_7) AppleWebKit/605.1.15 (KHTML, like Gecko) Version/18.1.1 Safari/605.1.15\"","timestamp":"2024-11-29T01:41:55.184Z"}
{"level":"info","message":"::1 - - [29/Nov/2024:01:41:55 +0000] \"POST /api/auth/login HTTP/1.1\" 200 225 \"http://localhost:8100/\" \"Mozilla/5.0 (Macintosh; Intel Mac OS X 10_15_7) AppleWebKit/605.1.15 (KHTML, like Gecko) Version/18.1.1 Safari/605.1.15\"","timestamp":"2024-11-29T01:41:55.293Z"}
{"level":"info","message":"::1 - - [29/Nov/2024:01:42:02 +0000] \"OPTIONS /api/auth/login HTTP/1.1\" 200 0 \"http://localhost:8100/\" \"Mozilla/5.0 (Macintosh; Intel Mac OS X 10_15_7) AppleWebKit/605.1.15 (KHTML, like Gecko) Version/18.1.1 Safari/605.1.15\"","timestamp":"2024-11-29T01:42:02.418Z"}
{"level":"info","message":"::1 - - [29/Nov/2024:01:42:02 +0000] \"POST /api/auth/login HTTP/1.1\" 200 225 \"http://localhost:8100/\" \"Mozilla/5.0 (Macintosh; Intel Mac OS X 10_15_7) AppleWebKit/605.1.15 (KHTML, like Gecko) Version/18.1.1 Safari/605.1.15\"","timestamp":"2024-11-29T01:42:02.528Z"}
{"level":"info","message":"MySQL closed","timestamp":"2024-11-29T02:01:22.241Z"}
{"level":"info","message":"MySQL initialized","timestamp":"2024-11-29T20:14:50.199Z"}
{"level":"info","message":"MySQL database initializeed successfully","timestamp":"2024-11-29T20:14:50.201Z"}
{"level":"info","message":"MySQL initialized","timestamp":"2024-11-29T20:15:11.436Z"}
{"level":"info","message":"MySQL database initializeed successfully","timestamp":"2024-11-29T20:15:11.440Z"}
{"level":"info","message":"MySQL closed","timestamp":"2024-11-29T20:15:46.039Z"}
{"level":"info","message":"MySQL initialized","timestamp":"2024-11-30T00:41:36.787Z"}
{"level":"info","message":"MySQL database initializeed successfully","timestamp":"2024-11-30T00:41:36.789Z"}
{"level":"info","message":"::1 - - [30/Nov/2024:00:41:38 +0000] \"OPTIONS /api/auth/login HTTP/1.1\" 200 0 \"http://localhost:8100/\" \"Mozilla/5.0 (Macintosh; Intel Mac OS X 10_15_7) AppleWebKit/605.1.15 (KHTML, like Gecko) Version/18.1.1 Safari/605.1.15\"","timestamp":"2024-11-30T00:41:38.871Z"}
{"level":"info","message":"::1 - - [30/Nov/2024:00:41:39 +0000] \"POST /api/auth/login HTTP/1.1\" 200 225 \"http://localhost:8100/\" \"Mozilla/5.0 (Macintosh; Intel Mac OS X 10_15_7) AppleWebKit/605.1.15 (KHTML, like Gecko) Version/18.1.1 Safari/605.1.15\"","timestamp":"2024-11-30T00:41:39.051Z"}
{"level":"info","message":"::1 - - [30/Nov/2024:00:44:12 +0000] \"OPTIONS /api/auth/login HTTP/1.1\" 200 0 \"http://localhost:8100/\" \"Mozilla/5.0 (Macintosh; Intel Mac OS X 10_15_7) AppleWebKit/605.1.15 (KHTML, like Gecko) Version/18.1.1 Safari/605.1.15\"","timestamp":"2024-11-30T00:44:12.951Z"}
{"level":"info","message":"::1 - - [30/Nov/2024:00:44:13 +0000] \"POST /api/auth/login HTTP/1.1\" 200 225 \"http://localhost:8100/\" \"Mozilla/5.0 (Macintosh; Intel Mac OS X 10_15_7) AppleWebKit/605.1.15 (KHTML, like Gecko) Version/18.1.1 Safari/605.1.15\"","timestamp":"2024-11-30T00:44:13.124Z"}
{"level":"info","message":"::1 - - [30/Nov/2024:00:45:58 +0000] \"OPTIONS /api/auth/register HTTP/1.1\" 200 0 \"http://localhost:8100/\" \"Mozilla/5.0 (Macintosh; Intel Mac OS X 10_15_7) AppleWebKit/605.1.15 (KHTML, like Gecko) Version/18.1.1 Safari/605.1.15\"","timestamp":"2024-11-30T00:45:58.901Z"}
{"level":"info","message":"::1 - - [30/Nov/2024:00:45:59 +0000] \"POST /api/auth/register HTTP/1.1\" 201 61 \"http://localhost:8100/\" \"Mozilla/5.0 (Macintosh; Intel Mac OS X 10_15_7) AppleWebKit/605.1.15 (KHTML, like Gecko) Version/18.1.1 Safari/605.1.15\"","timestamp":"2024-11-30T00:45:59.026Z"}
{"level":"info","message":"::1 - - [30/Nov/2024:00:46:07 +0000] \"OPTIONS /api/auth/login HTTP/1.1\" 200 0 \"http://localhost:8100/\" \"Mozilla/5.0 (Macintosh; Intel Mac OS X 10_15_7) AppleWebKit/605.1.15 (KHTML, like Gecko) Version/18.1.1 Safari/605.1.15\"","timestamp":"2024-11-30T00:46:07.590Z"}
{"level":"info","message":"::1 - - [30/Nov/2024:00:46:07 +0000] \"POST /api/auth/login HTTP/1.1\" 200 225 \"http://localhost:8100/\" \"Mozilla/5.0 (Macintosh; Intel Mac OS X 10_15_7) AppleWebKit/605.1.15 (KHTML, like Gecko) Version/18.1.1 Safari/605.1.15\"","timestamp":"2024-11-30T00:46:07.709Z"}
{"level":"info","message":"::1 - - [30/Nov/2024:00:49:50 +0000] \"OPTIONS /api/auth/register HTTP/1.1\" 200 0 \"http://localhost:8100/\" \"Mozilla/5.0 (Macintosh; Intel Mac OS X 10_15_7) AppleWebKit/605.1.15 (KHTML, like Gecko) Version/18.1.1 Safari/605.1.15\"","timestamp":"2024-11-30T00:49:50.803Z"}
{"level":"info","message":"::1 - - [30/Nov/2024:00:49:50 +0000] \"POST /api/auth/register HTTP/1.1\" 201 61 \"http://localhost:8100/\" \"Mozilla/5.0 (Macintosh; Intel Mac OS X 10_15_7) AppleWebKit/605.1.15 (KHTML, like Gecko) Version/18.1.1 Safari/605.1.15\"","timestamp":"2024-11-30T00:49:50.931Z"}
{"level":"info","message":"::1 - - [30/Nov/2024:00:51:33 +0000] \"OPTIONS /api/auth/login HTTP/1.1\" 200 0 \"http://localhost:8100/\" \"Mozilla/5.0 (Macintosh; Intel Mac OS X 10_15_7) AppleWebKit/605.1.15 (KHTML, like Gecko) Version/18.1.1 Safari/605.1.15\"","timestamp":"2024-11-30T00:51:33.066Z"}
{"level":"info","message":"::1 - - [30/Nov/2024:00:51:33 +0000] \"POST /api/auth/login HTTP/1.1\" 200 225 \"http://localhost:8100/\" \"Mozilla/5.0 (Macintosh; Intel Mac OS X 10_15_7) AppleWebKit/605.1.15 (KHTML, like Gecko) Version/18.1.1 Safari/605.1.15\"","timestamp":"2024-11-30T00:51:33.160Z"}
{"level":"info","message":"::1 - - [30/Nov/2024:00:51:33 +0000] \"POST /api/auth/login HTTP/1.1\" 200 225 \"http://localhost:8100/\" \"Mozilla/5.0 (Macintosh; Intel Mac OS X 10_15_7) AppleWebKit/605.1.15 (KHTML, like Gecko) Version/18.1.1 Safari/605.1.15\"","timestamp":"2024-11-30T00:51:33.231Z"}
{"level":"info","message":"::1 - - [30/Nov/2024:00:52:42 +0000] \"OPTIONS /api/auth/register HTTP/1.1\" 200 0 \"http://localhost:8100/\" \"Mozilla/5.0 (Macintosh; Intel Mac OS X 10_15_7) AppleWebKit/605.1.15 (KHTML, like Gecko) Version/18.1.1 Safari/605.1.15\"","timestamp":"2024-11-30T00:52:42.683Z"}
{"level":"info","message":"::1 - - [30/Nov/2024:00:52:42 +0000] \"POST /api/auth/register HTTP/1.1\" 201 61 \"http://localhost:8100/\" \"Mozilla/5.0 (Macintosh; Intel Mac OS X 10_15_7) AppleWebKit/605.1.15 (KHTML, like Gecko) Version/18.1.1 Safari/605.1.15\"","timestamp":"2024-11-30T00:52:42.800Z"}
{"level":"info","message":"::1 - - [30/Nov/2024:00:53:30 +0000] \"OPTIONS /api/auth/login HTTP/1.1\" 200 0 \"http://localhost:8100/\" \"Mozilla/5.0 (Macintosh; Intel Mac OS X 10_15_7) AppleWebKit/605.1.15 (KHTML, like Gecko) Version/18.1.1 Safari/605.1.15\"","timestamp":"2024-11-30T00:53:30.859Z"}
{"level":"info","message":"::1 - - [30/Nov/2024:00:53:30 +0000] \"POST /api/auth/login HTTP/1.1\" 200 225 \"http://localhost:8100/\" \"Mozilla/5.0 (Macintosh; Intel Mac OS X 10_15_7) AppleWebKit/605.1.15 (KHTML, like Gecko) Version/18.1.1 Safari/605.1.15\"","timestamp":"2024-11-30T00:53:30.965Z"}
{"level":"info","message":"::1 - - [30/Nov/2024:00:53:31 +0000] \"POST /api/auth/login HTTP/1.1\" 200 225 \"http://localhost:8100/\" \"Mozilla/5.0 (Macintosh; Intel Mac OS X 10_15_7) AppleWebKit/605.1.15 (KHTML, like Gecko) Version/18.1.1 Safari/605.1.15\"","timestamp":"2024-11-30T00:53:31.038Z"}
{"level":"info","message":"MySQL initialized","timestamp":"2024-11-30T00:56:39.874Z"}
{"level":"info","message":"MySQL database initializeed successfully","timestamp":"2024-11-30T00:56:39.881Z"}
{"level":"info","message":"MySQL initialized","timestamp":"2024-11-30T00:57:30.255Z"}
{"level":"info","message":"MySQL database initializeed successfully","timestamp":"2024-11-30T00:57:30.258Z"}
{"level":"info","message":"::ffff:127.0.0.1 - - [30/Nov/2024:00:57:50 +0000] \"POST /api/auth/login HTTP/1.1\" 200 225 \"-\" \"vscode-restclient\"","timestamp":"2024-11-30T00:57:50.652Z"}
{"level":"info","message":"::1 - - [30/Nov/2024:00:58:58 +0000] \"OPTIONS /api/auth/login HTTP/1.1\" 200 0 \"http://localhost:8100/\" \"Mozilla/5.0 (Macintosh; Intel Mac OS X 10_15_7) AppleWebKit/605.1.15 (KHTML, like Gecko) Version/18.1.1 Safari/605.1.15\"","timestamp":"2024-11-30T00:58:58.429Z"}
{"level":"info","message":"::1 - - [30/Nov/2024:00:58:58 +0000] \"POST /api/auth/login HTTP/1.1\" 200 225 \"http://localhost:8100/\" \"Mozilla/5.0 (Macintosh; Intel Mac OS X 10_15_7) AppleWebKit/605.1.15 (KHTML, like Gecko) Version/18.1.1 Safari/605.1.15\"","timestamp":"2024-11-30T00:58:58.576Z"}
{"level":"info","message":"MySQL initialized","timestamp":"2024-11-30T01:01:57.979Z"}
{"level":"info","message":"MySQL database initializeed successfully","timestamp":"2024-11-30T01:01:57.986Z"}
{"level":"info","message":"::ffff:127.0.0.1 - - [30/Nov/2024:01:01:59 +0000] \"POST /api/auth/login HTTP/1.1\" 200 241 \"-\" \"vscode-restclient\"","timestamp":"2024-11-30T01:01:59.982Z"}
{"level":"info","message":"::1 - - [30/Nov/2024:01:02:12 +0000] \"OPTIONS /api/auth/login HTTP/1.1\" 200 0 \"http://localhost:8100/\" \"Mozilla/5.0 (Macintosh; Intel Mac OS X 10_15_7) AppleWebKit/605.1.15 (KHTML, like Gecko) Version/18.1.1 Safari/605.1.15\"","timestamp":"2024-11-30T01:02:12.835Z"}
{"level":"info","message":"::1 - - [30/Nov/2024:01:02:12 +0000] \"POST /api/auth/login HTTP/1.1\" 200 241 \"http://localhost:8100/\" \"Mozilla/5.0 (Macintosh; Intel Mac OS X 10_15_7) AppleWebKit/605.1.15 (KHTML, like Gecko) Version/18.1.1 Safari/605.1.15\"","timestamp":"2024-11-30T01:02:12.947Z"}
{"level":"info","message":"::1 - - [30/Nov/2024:01:04:03 +0000] \"OPTIONS /api/auth/login HTTP/1.1\" 200 0 \"http://localhost:8100/\" \"Mozilla/5.0 (Macintosh; Intel Mac OS X 10_15_7) AppleWebKit/605.1.15 (KHTML, like Gecko) Version/18.1.1 Safari/605.1.15\"","timestamp":"2024-11-30T01:04:03.610Z"}
{"level":"info","message":"::1 - - [30/Nov/2024:01:04:03 +0000] \"POST /api/auth/login HTTP/1.1\" 200 241 \"http://localhost:8100/\" \"Mozilla/5.0 (Macintosh; Intel Mac OS X 10_15_7) AppleWebKit/605.1.15 (KHTML, like Gecko) Version/18.1.1 Safari/605.1.15\"","timestamp":"2024-11-30T01:04:03.752Z"}
{"level":"info","message":"::1 - - [30/Nov/2024:01:06:52 +0000] \"OPTIONS /api/auth/login HTTP/1.1\" 200 0 \"http://localhost:8100/\" \"Mozilla/5.0 (Macintosh; Intel Mac OS X 10_15_7) AppleWebKit/605.1.15 (KHTML, like Gecko) Version/18.1.1 Safari/605.1.15\"","timestamp":"2024-11-30T01:06:52.634Z"}
{"level":"info","message":"::1 - - [30/Nov/2024:01:06:52 +0000] \"POST /api/auth/login HTTP/1.1\" 200 241 \"http://localhost:8100/\" \"Mozilla/5.0 (Macintosh; Intel Mac OS X 10_15_7) AppleWebKit/605.1.15 (KHTML, like Gecko) Version/18.1.1 Safari/605.1.15\"","timestamp":"2024-11-30T01:06:52.748Z"}
{"level":"error","message":"Input validation failed: \"email\" must be a string","timestamp":"2024-11-30T01:06:56.437Z"}
{"level":"error","message":"Error during login: Input validation failed","timestamp":"2024-11-30T01:06:56.438Z"}
{"level":"info","message":"::1 - - [30/Nov/2024:01:06:56 +0000] \"POST /api/auth/login HTTP/1.1\" 500 64 \"http://localhost:8100/\" \"Mozilla/5.0 (Macintosh; Intel Mac OS X 10_15_7) AppleWebKit/605.1.15 (KHTML, like Gecko) Version/18.1.1 Safari/605.1.15\"","timestamp":"2024-11-30T01:06:56.439Z"}
{"level":"error","message":"Input validation failed: \"email\" must be a string","timestamp":"2024-11-30T01:06:57.414Z"}
{"level":"error","message":"Error during login: Input validation failed","timestamp":"2024-11-30T01:06:57.414Z"}
{"level":"info","message":"::1 - - [30/Nov/2024:01:06:57 +0000] \"POST /api/auth/login HTTP/1.1\" 500 64 \"http://localhost:8100/\" \"Mozilla/5.0 (Macintosh; Intel Mac OS X 10_15_7) AppleWebKit/605.1.15 (KHTML, like Gecko) Version/18.1.1 Safari/605.1.15\"","timestamp":"2024-11-30T01:06:57.415Z"}
{"level":"info","message":"::1 - - [30/Nov/2024:01:06:58 +0000] \"OPTIONS /api/auth/login HTTP/1.1\" 200 0 \"http://localhost:8100/\" \"Mozilla/5.0 (Macintosh; Intel Mac OS X 10_15_7) AppleWebKit/605.1.15 (KHTML, like Gecko) Version/18.1.1 Safari/605.1.15\"","timestamp":"2024-11-30T01:06:58.242Z"}
{"level":"error","message":"Input validation failed: \"email\" must be a string","timestamp":"2024-11-30T01:06:58.245Z"}
{"level":"error","message":"Error during login: Input validation failed","timestamp":"2024-11-30T01:06:58.246Z"}
{"level":"info","message":"::1 - - [30/Nov/2024:01:06:58 +0000] \"POST /api/auth/login HTTP/1.1\" 500 64 \"http://localhost:8100/\" \"Mozilla/5.0 (Macintosh; Intel Mac OS X 10_15_7) AppleWebKit/605.1.15 (KHTML, like Gecko) Version/18.1.1 Safari/605.1.15\"","timestamp":"2024-11-30T01:06:58.247Z"}
{"level":"error","message":"Input validation failed: \"email\" must be a string","timestamp":"2024-11-30T01:06:58.410Z"}
{"level":"error","message":"Error during login: Input validation failed","timestamp":"2024-11-30T01:06:58.410Z"}
{"level":"info","message":"::1 - - [30/Nov/2024:01:06:58 +0000] \"POST /api/auth/login HTTP/1.1\" 500 64 \"http://localhost:8100/\" \"Mozilla/5.0 (Macintosh; Intel Mac OS X 10_15_7) AppleWebKit/605.1.15 (KHTML, like Gecko) Version/18.1.1 Safari/605.1.15\"","timestamp":"2024-11-30T01:06:58.411Z"}
{"level":"error","message":"Input validation failed: \"email\" must be a string","timestamp":"2024-11-30T01:06:58.558Z"}
{"level":"error","message":"Error during login: Input validation failed","timestamp":"2024-11-30T01:06:58.559Z"}
{"level":"info","message":"::1 - - [30/Nov/2024:01:06:58 +0000] \"POST /api/auth/login HTTP/1.1\" 500 64 \"http://localhost:8100/\" \"Mozilla/5.0 (Macintosh; Intel Mac OS X 10_15_7) AppleWebKit/605.1.15 (KHTML, like Gecko) Version/18.1.1 Safari/605.1.15\"","timestamp":"2024-11-30T01:06:58.560Z"}
{"level":"info","message":"::1 - - [30/Nov/2024:01:07:00 +0000] \"POST /api/auth/login HTTP/1.1\" 200 241 \"http://localhost:8100/\" \"Mozilla/5.0 (Macintosh; Intel Mac OS X 10_15_7) AppleWebKit/605.1.15 (KHTML, like Gecko) Version/18.1.1 Safari/605.1.15\"","timestamp":"2024-11-30T01:07:00.630Z"}
{"level":"info","message":"::1 - - [30/Nov/2024:01:07:03 +0000] \"OPTIONS /api/auth/login HTTP/1.1\" 200 0 \"http://localhost:8100/\" \"Mozilla/5.0 (Macintosh; Intel Mac OS X 10_15_7) AppleWebKit/605.1.15 (KHTML, like Gecko) Version/18.1.1 Safari/605.1.15\"","timestamp":"2024-11-30T01:07:03.458Z"}
{"level":"error","message":"Input validation failed: \"email\" must be a string","timestamp":"2024-11-30T01:07:03.461Z"}
{"level":"error","message":"Error during login: Input validation failed","timestamp":"2024-11-30T01:07:03.461Z"}
{"level":"info","message":"::1 - - [30/Nov/2024:01:07:03 +0000] \"POST /api/auth/login HTTP/1.1\" 500 64 \"http://localhost:8100/\" \"Mozilla/5.0 (Macintosh; Intel Mac OS X 10_15_7) AppleWebKit/605.1.15 (KHTML, like Gecko) Version/18.1.1 Safari/605.1.15\"","timestamp":"2024-11-30T01:07:03.462Z"}
{"level":"error","message":"Input validation failed: \"email\" must be a string","timestamp":"2024-11-30T01:07:04.922Z"}
{"level":"error","message":"Error during login: Input validation failed","timestamp":"2024-11-30T01:07:04.922Z"}
{"level":"info","message":"::1 - - [30/Nov/2024:01:07:04 +0000] \"POST /api/auth/login HTTP/1.1\" 500 64 \"http://localhost:8100/\" \"Mozilla/5.0 (Macintosh; Intel Mac OS X 10_15_7) AppleWebKit/605.1.15 (KHTML, like Gecko) Version/18.1.1 Safari/605.1.15\"","timestamp":"2024-11-30T01:07:04.923Z"}
{"level":"error","message":"Input validation failed: \"email\" must be a string","timestamp":"2024-11-30T01:07:05.559Z"}
{"level":"error","message":"Error during login: Input validation failed","timestamp":"2024-11-30T01:07:05.559Z"}
{"level":"info","message":"::1 - - [30/Nov/2024:01:07:05 +0000] \"POST /api/auth/login HTTP/1.1\" 500 64 \"http://localhost:8100/\" \"Mozilla/5.0 (Macintosh; Intel Mac OS X 10_15_7) AppleWebKit/605.1.15 (KHTML, like Gecko) Version/18.1.1 Safari/605.1.15\"","timestamp":"2024-11-30T01:07:05.560Z"}
{"level":"error","message":"Input validation failed: \"email\" must be a string","timestamp":"2024-11-30T01:07:07.959Z"}
{"level":"error","message":"Error during login: Input validation failed","timestamp":"2024-11-30T01:07:07.960Z"}
{"level":"info","message":"::1 - - [30/Nov/2024:01:07:07 +0000] \"POST /api/auth/login HTTP/1.1\" 500 64 \"http://localhost:8100/\" \"Mozilla/5.0 (Macintosh; Intel Mac OS X 10_15_7) AppleWebKit/605.1.15 (KHTML, like Gecko) Version/18.1.1 Safari/605.1.15\"","timestamp":"2024-11-30T01:07:07.961Z"}
{"level":"info","message":"::1 - - [30/Nov/2024:01:07:10 +0000] \"OPTIONS /api/auth/login HTTP/1.1\" 200 0 \"http://localhost:8100/\" \"Mozilla/5.0 (Macintosh; Intel Mac OS X 10_15_7) AppleWebKit/605.1.15 (KHTML, like Gecko) Version/18.1.1 Safari/605.1.15\"","timestamp":"2024-11-30T01:07:10.160Z"}
{"level":"info","message":"::1 - - [30/Nov/2024:01:07:10 +0000] \"POST /api/auth/login HTTP/1.1\" 200 241 \"http://localhost:8100/\" \"Mozilla/5.0 (Macintosh; Intel Mac OS X 10_15_7) AppleWebKit/605.1.15 (KHTML, like Gecko) Version/18.1.1 Safari/605.1.15\"","timestamp":"2024-11-30T01:07:10.272Z"}
{"level":"info","message":"::1 - - [30/Nov/2024:01:08:49 +0000] \"OPTIONS /api/auth/login HTTP/1.1\" 200 0 \"http://localhost:8100/\" \"Mozilla/5.0 (Macintosh; Intel Mac OS X 10_15_7) AppleWebKit/605.1.15 (KHTML, like Gecko) Version/18.1.1 Safari/605.1.15\"","timestamp":"2024-11-30T01:08:49.370Z"}
{"level":"info","message":"::1 - - [30/Nov/2024:01:08:49 +0000] \"POST /api/auth/login HTTP/1.1\" 200 241 \"http://localhost:8100/\" \"Mozilla/5.0 (Macintosh; Intel Mac OS X 10_15_7) AppleWebKit/605.1.15 (KHTML, like Gecko) Version/18.1.1 Safari/605.1.15\"","timestamp":"2024-11-30T01:08:49.480Z"}
{"level":"info","message":"MySQL initialized","timestamp":"2024-11-30T01:10:32.377Z"}
{"level":"info","message":"MySQL database initializeed successfully","timestamp":"2024-11-30T01:10:32.381Z"}
{"level":"info","message":"::1 - - [30/Nov/2024:01:18:38 +0000] \"OPTIONS /api/auth/login HTTP/1.1\" 200 0 \"http://localhost:8100/\" \"Mozilla/5.0 (Macintosh; Intel Mac OS X 10_15_7) AppleWebKit/605.1.15 (KHTML, like Gecko) Version/18.1.1 Safari/605.1.15\"","timestamp":"2024-11-30T01:18:38.190Z"}
{"level":"info","message":"::1 - - [30/Nov/2024:01:18:38 +0000] \"POST /api/auth/login HTTP/1.1\" 200 241 \"http://localhost:8100/\" \"Mozilla/5.0 (Macintosh; Intel Mac OS X 10_15_7) AppleWebKit/605.1.15 (KHTML, like Gecko) Version/18.1.1 Safari/605.1.15\"","timestamp":"2024-11-30T01:18:38.396Z"}
{"level":"info","message":"::1 - - [30/Nov/2024:01:18:48 +0000] \"OPTIONS /api/auth/login HTTP/1.1\" 200 0 \"http://localhost:8100/\" \"Mozilla/5.0 (Macintosh; Intel Mac OS X 10_15_7) AppleWebKit/605.1.15 (KHTML, like Gecko) Version/18.1.1 Safari/605.1.15\"","timestamp":"2024-11-30T01:18:48.237Z"}
{"level":"info","message":"::1 - - [30/Nov/2024:01:18:48 +0000] \"POST /api/auth/login HTTP/1.1\" 200 241 \"http://localhost:8100/\" \"Mozilla/5.0 (Macintosh; Intel Mac OS X 10_15_7) AppleWebKit/605.1.15 (KHTML, like Gecko) Version/18.1.1 Safari/605.1.15\"","timestamp":"2024-11-30T01:18:48.348Z"}
{"level":"info","message":"::1 - - [30/Nov/2024:01:25:55 +0000] \"OPTIONS /api/auth/login HTTP/1.1\" 200 0 \"http://localhost:8100/\" \"Mozilla/5.0 (Macintosh; Intel Mac OS X 10_15_7) AppleWebKit/605.1.15 (KHTML, like Gecko) Version/18.1.1 Safari/605.1.15\"","timestamp":"2024-11-30T01:25:55.228Z"}
{"level":"info","message":"::1 - - [30/Nov/2024:01:25:55 +0000] \"POST /api/auth/login HTTP/1.1\" 200 241 \"http://localhost:8100/\" \"Mozilla/5.0 (Macintosh; Intel Mac OS X 10_15_7) AppleWebKit/605.1.15 (KHTML, like Gecko) Version/18.1.1 Safari/605.1.15\"","timestamp":"2024-11-30T01:25:55.359Z"}
{"level":"info","message":"::1 - - [30/Nov/2024:01:41:18 +0000] \"OPTIONS /api/auth/login HTTP/1.1\" 200 0 \"http://localhost:8100/\" \"Mozilla/5.0 (Macintosh; Intel Mac OS X 10_15_7) AppleWebKit/605.1.15 (KHTML, like Gecko) Version/18.1.1 Safari/605.1.15\"","timestamp":"2024-11-30T01:41:18.055Z"}
{"level":"info","message":"::1 - - [30/Nov/2024:01:41:18 +0000] \"POST /api/auth/login HTTP/1.1\" 200 241 \"http://localhost:8100/\" \"Mozilla/5.0 (Macintosh; Intel Mac OS X 10_15_7) AppleWebKit/605.1.15 (KHTML, like Gecko) Version/18.1.1 Safari/605.1.15\"","timestamp":"2024-11-30T01:41:18.188Z"}
{"level":"info","message":"::1 - - [30/Nov/2024:01:44:11 +0000] \"OPTIONS /api/auth/login HTTP/1.1\" 200 0 \"http://localhost:8100/\" \"Mozilla/5.0 (Macintosh; Intel Mac OS X 10_15_7) AppleWebKit/605.1.15 (KHTML, like Gecko) Version/18.1.1 Safari/605.1.15\"","timestamp":"2024-11-30T01:44:11.604Z"}
{"level":"info","message":"::1 - - [30/Nov/2024:01:44:11 +0000] \"POST /api/auth/login HTTP/1.1\" 200 241 \"http://localhost:8100/\" \"Mozilla/5.0 (Macintosh; Intel Mac OS X 10_15_7) AppleWebKit/605.1.15 (KHTML, like Gecko) Version/18.1.1 Safari/605.1.15\"","timestamp":"2024-11-30T01:44:11.718Z"}
{"level":"info","message":"::1 - - [30/Nov/2024:01:44:24 +0000] \"OPTIONS /api/auth/login HTTP/1.1\" 200 0 \"http://localhost:8100/\" \"Mozilla/5.0 (Macintosh; Intel Mac OS X 10_15_7) AppleWebKit/605.1.15 (KHTML, like Gecko) Version/18.1.1 Safari/605.1.15\"","timestamp":"2024-11-30T01:44:24.779Z"}
{"level":"info","message":"::1 - - [30/Nov/2024:01:44:24 +0000] \"POST /api/auth/login HTTP/1.1\" 200 241 \"http://localhost:8100/\" \"Mozilla/5.0 (Macintosh; Intel Mac OS X 10_15_7) AppleWebKit/605.1.15 (KHTML, like Gecko) Version/18.1.1 Safari/605.1.15\"","timestamp":"2024-11-30T01:44:24.859Z"}
{"level":"info","message":"::1 - - [30/Nov/2024:01:54:41 +0000] \"OPTIONS /api/auth/register HTTP/1.1\" 200 0 \"http://localhost:8100/\" \"Mozilla/5.0 (Macintosh; Intel Mac OS X 10_15_7) AppleWebKit/605.1.15 (KHTML, like Gecko) Version/18.1.1 Safari/605.1.15\"","timestamp":"2024-11-30T01:54:41.311Z"}
{"level":"info","message":"::1 - - [30/Nov/2024:01:54:41 +0000] \"POST /api/auth/register HTTP/1.1\" 201 61 \"http://localhost:8100/\" \"Mozilla/5.0 (Macintosh; Intel Mac OS X 10_15_7) AppleWebKit/605.1.15 (KHTML, like Gecko) Version/18.1.1 Safari/605.1.15\"","timestamp":"2024-11-30T01:54:41.451Z"}
{"level":"info","message":"::1 - - [30/Nov/2024:01:54:49 +0000] \"OPTIONS /api/auth/login HTTP/1.1\" 200 0 \"http://localhost:8100/\" \"Mozilla/5.0 (Macintosh; Intel Mac OS X 10_15_7) AppleWebKit/605.1.15 (KHTML, like Gecko) Version/18.1.1 Safari/605.1.15\"","timestamp":"2024-11-30T01:54:49.145Z"}
{"level":"info","message":"::1 - - [30/Nov/2024:01:54:49 +0000] \"POST /api/auth/login HTTP/1.1\" 200 241 \"http://localhost:8100/\" \"Mozilla/5.0 (Macintosh; Intel Mac OS X 10_15_7) AppleWebKit/605.1.15 (KHTML, like Gecko) Version/18.1.1 Safari/605.1.15\"","timestamp":"2024-11-30T01:54:49.268Z"}
{"level":"info","message":"::1 - - [30/Nov/2024:01:54:54 +0000] \"OPTIONS /api/auth/login HTTP/1.1\" 200 0 \"http://localhost:8100/\" \"Mozilla/5.0 (Macintosh; Intel Mac OS X 10_15_7) AppleWebKit/605.1.15 (KHTML, like Gecko) Version/18.1.1 Safari/605.1.15\"","timestamp":"2024-11-30T01:54:54.668Z"}
{"level":"info","message":"::1 - - [30/Nov/2024:01:54:54 +0000] \"POST /api/auth/login HTTP/1.1\" 200 241 \"http://localhost:8100/\" \"Mozilla/5.0 (Macintosh; Intel Mac OS X 10_15_7) AppleWebKit/605.1.15 (KHTML, like Gecko) Version/18.1.1 Safari/605.1.15\"","timestamp":"2024-11-30T01:54:54.782Z"}
{"level":"info","message":"MySQL closed","timestamp":"2024-11-30T20:46:22.729Z"}
{"level":"info","message":"MySQL initialized","timestamp":"2024-11-30T20:54:41.701Z"}
{"level":"info","message":"MySQL database initializeed successfully","timestamp":"2024-11-30T20:54:41.702Z"}
{"level":"info","message":"MySQL closed","timestamp":"2024-11-30T21:09:30.644Z"}
{"level":"info","message":"MySQL initialized","timestamp":"2024-11-30T21:23:41.286Z"}
{"level":"info","message":"MySQL database initializeed successfully","timestamp":"2024-11-30T21:23:41.288Z"}
{"level":"info","message":"::ffff:127.0.0.1 - - [30/Nov/2024:21:31:03 +0000] \"POST /api/auth/login HTTP/1.1\" 200 241 \"-\" \"vscode-restclient\"","timestamp":"2024-11-30T21:31:03.878Z"}
{"level":"info","message":"::1 - - [30/Nov/2024:21:35:28 +0000] \"OPTIONS /api/auth/login HTTP/1.1\" 200 0 \"http://localhost:8100/\" \"Mozilla/5.0 (Macintosh; Intel Mac OS X 10_15_7) AppleWebKit/605.1.15 (KHTML, like Gecko) Version/18.1.1 Safari/605.1.15\"","timestamp":"2024-11-30T21:35:28.082Z"}
{"level":"info","message":"::1 - - [30/Nov/2024:21:35:28 +0000] \"POST /api/auth/login HTTP/1.1\" 200 241 \"http://localhost:8100/\" \"Mozilla/5.0 (Macintosh; Intel Mac OS X 10_15_7) AppleWebKit/605.1.15 (KHTML, like Gecko) Version/18.1.1 Safari/605.1.15\"","timestamp":"2024-11-30T21:35:28.232Z"}
{"level":"info","message":"::1 - - [30/Nov/2024:21:35:55 +0000] \"OPTIONS /api/auth/login HTTP/1.1\" 200 0 \"http://localhost:8100/\" \"Mozilla/5.0 (Macintosh; Intel Mac OS X 10_15_7) AppleWebKit/605.1.15 (KHTML, like Gecko) Version/18.1.1 Safari/605.1.15\"","timestamp":"2024-11-30T21:35:55.009Z"}
{"level":"info","message":"::1 - - [30/Nov/2024:21:35:55 +0000] \"POST /api/auth/login HTTP/1.1\" 200 241 \"http://localhost:8100/\" \"Mozilla/5.0 (Macintosh; Intel Mac OS X 10_15_7) AppleWebKit/605.1.15 (KHTML, like Gecko) Version/18.1.1 Safari/605.1.15\"","timestamp":"2024-11-30T21:35:55.120Z"}
{"level":"info","message":"::1 - - [01/Dec/2024:00:40:04 +0000] \"OPTIONS /api/auth/login HTTP/1.1\" 200 0 \"http://localhost:8100/\" \"Mozilla/5.0 (Macintosh; Intel Mac OS X 10_15_7) AppleWebKit/605.1.15 (KHTML, like Gecko) Version/18.1.1 Safari/605.1.15\"","timestamp":"2024-12-01T00:40:04.058Z"}
{"level":"info","message":"::1 - - [01/Dec/2024:00:40:04 +0000] \"POST /api/auth/login HTTP/1.1\" 200 241 \"http://localhost:8100/\" \"Mozilla/5.0 (Macintosh; Intel Mac OS X 10_15_7) AppleWebKit/605.1.15 (KHTML, like Gecko) Version/18.1.1 Safari/605.1.15\"","timestamp":"2024-12-01T00:40:04.215Z"}
{"level":"info","message":"::1 - - [01/Dec/2024:00:46:53 +0000] \"OPTIONS /api/auth/login HTTP/1.1\" 200 0 \"http://localhost:8100/\" \"Mozilla/5.0 (Macintosh; Intel Mac OS X 10_15_7) AppleWebKit/605.1.15 (KHTML, like Gecko) Version/18.1.1 Safari/605.1.15\"","timestamp":"2024-12-01T00:46:53.602Z"}
{"level":"info","message":"::1 - - [01/Dec/2024:00:46:53 +0000] \"POST /api/auth/login HTTP/1.1\" 200 241 \"http://localhost:8100/\" \"Mozilla/5.0 (Macintosh; Intel Mac OS X 10_15_7) AppleWebKit/605.1.15 (KHTML, like Gecko) Version/18.1.1 Safari/605.1.15\"","timestamp":"2024-12-01T00:46:53.755Z"}
{"level":"info","message":"MySQL closed","timestamp":"2024-12-01T01:05:10.523Z"}
